Using pre-set license
Built from '2023.2/staging' branch; Version is '2023.2.18f1 (1cb755715f58) revision 1881941'; Using compiler version '193431935'; Build Type 'Release'
OS: 'Windows 10  (10.0.19045) 64bit Professional' Language: 'de' Physical Memory: 65457 MB
BatchMode: 1, IsHumanControllingUs: 0, StartBugReporterOnCrash: 0, Is64bit: 1, IsPro: 1

COMMAND LINE ARGUMENTS:
D:\Unity\2023.2.18f1\Editor\Unity.exe
-adb2
-batchMode
-noUpm
-name
AssetImportWorker4
-projectPath
D:/Unity Default/My project
-logFile
Logs/AssetImportWorker4.log
-srvPort
58038
-job-worker-count
11
-background-job-worker-count
8
-asset-garbage-collectors
1
Successfully changed project path to: D:/Unity Default/My project
D:/Unity Default/My project
[UnityMemory] Configuration Parameters - Can be set up in boot.config
    "memorysetup-bucket-allocator-granularity=16"
    "memorysetup-bucket-allocator-bucket-count=8"
    "memorysetup-bucket-allocator-block-size=33554432"
    "memorysetup-bucket-allocator-block-count=8"
    "memorysetup-main-allocator-block-size=16777216"
    "memorysetup-thread-allocator-block-size=16777216"
    "memorysetup-gfx-main-allocator-block-size=16777216"
    "memorysetup-gfx-thread-allocator-block-size=16777216"
    "memorysetup-cache-allocator-block-size=4194304"
    "memorysetup-typetree-allocator-block-size=2097152"
    "memorysetup-profiler-bucket-allocator-granularity=16"
    "memorysetup-profiler-bucket-allocator-bucket-count=8"
    "memorysetup-profiler-bucket-allocator-block-size=33554432"
    "memorysetup-profiler-bucket-allocator-block-count=8"
    "memorysetup-profiler-allocator-block-size=16777216"
    "memorysetup-profiler-editor-allocator-block-size=1048576"
    "memorysetup-temp-allocator-size-main=16777216"
    "memorysetup-job-temp-allocator-block-size=2097152"
    "memorysetup-job-temp-allocator-block-size-background=1048576"
    "memorysetup-job-temp-allocator-reduction-small-platforms=262144"
    "memorysetup-allocator-temp-initial-block-size-main=262144"
    "memorysetup-allocator-temp-initial-block-size-worker=262144"
    "memorysetup-temp-allocator-size-background-worker=32768"
    "memorysetup-temp-allocator-size-job-worker=262144"
    "memorysetup-temp-allocator-size-preload-manager=33554432"
    "memorysetup-temp-allocator-size-nav-mesh-worker=65536"
    "memorysetup-temp-allocator-size-audio-worker=65536"
    "memorysetup-temp-allocator-size-cloud-worker=32768"
    "memorysetup-temp-allocator-size-gi-baking-worker=262144"
    "memorysetup-temp-allocator-size-gi-baking-worker=262144"
    "memorysetup-temp-allocator-size-gi-baking-worker=262144"
    "memorysetup-temp-allocator-size-gi-baking-worker=262144"
    "memorysetup-temp-allocator-size-gfx=262144"
Player connection [37952] Host "[IP] 172.26.80.1 [Port] 0 [Flags] 2 [Guid] 65556421 [EditorId] 65556421 [Version] 1048832 [Id] WindowsEditor(7,DESKTOP-KHE80F6) [Debug] 1 [PackageName] WindowsEditor [ProjectName] Editor" joined multi-casting on [225.0.0.222:54997]...
Player connection [37952] Host "[IP] 172.26.80.1 [Port] 0 [Flags] 2 [Guid] 65556421 [EditorId] 65556421 [Version] 1048832 [Id] WindowsEditor(7,DESKTOP-KHE80F6) [Debug] 1 [PackageName] WindowsEditor [ProjectName] Editor" joined alternative multi-casting on [225.0.0.222:34997]...
JobSystem: Creating JobQueue using job-worker-count value 11
[Physics::Module] Initialized MultithreadedJobDispatcher with 11 workers.
Library Redirect Path: Library/
Refreshing native plugins compatible for Editor in 3.18 ms, found 4 plugins.
Preloading 0 native plugins for Editor in 0.00 ms.
Initialize engine version: 2023.2.18f1 (1cb755715f58)
[Subsystems] Discovering subsystems at path D:/Unity/2023.2.18f1/Editor/Data/Resources/UnitySubsystems
[Subsystems] Discovering subsystems at path D:/Unity Default/My project/Assets
GfxDevice: creating device client; kGfxThreadingModeNonThreaded
Direct3D:
    Version:  Direct3D 11.0 [level 11.1]
    Renderer: NVIDIA Quadro P4000 (ID=0x1bb1)
    Vendor:   NVIDIA
    VRAM:     8068 MB
    Driver:   31.0.15.5152
Initialize mono
Mono path[0] = 'D:/Unity/2023.2.18f1/Editor/Data/Managed'
Mono path[1] = 'D:/Unity/2023.2.18f1/Editor/Data/MonoBleedingEdge/lib/mono/unityjit-win32'
Mono config path = 'D:/Unity/2023.2.18f1/Editor/Data/MonoBleedingEdge/etc'
Using monoOptions --debugger-agent=transport=dt_socket,embedding=1,server=y,suspend=n,address=127.0.0.1:56948
Begin MonoManager ReloadAssembly
C:\build\output\Unity-Technologies\mono\mono\metadata\icall.c:1842:
C:\build\output\Unity-Technologies\mono\mono\metadata\icall.c:1842:
C:\build\output\Unity-Technologies\mono\mono\metadata\icall.c:1842:
C:\build\output\Unity-Technologies\mono\mono\metadata\icall.c:1842:
C:\build\output\Unity-Technologies\mono\mono\metadata\icall.c:1842:
C:\build\output\Unity-Technologies\mono\mono\metadata\icall.c:1842:
C:\build\output\Unity-Technologies\mono\mono\metadata\icall.c:1842:
C:\build\output\Unity-Technologies\mono\mono\metadata\icall.c:1842:
C:\build\output\Unity-Technologies\mono\mono\metadata\icall.c:1842:
C:\build\output\Unity-Technologies\mono\mono\metadata\icall.c:1842:
Registering precompiled unity dll's ...
Register platform support module: D:/Unity/2023.2.18f1/Editor/Data/PlaybackEngines/MacStandaloneSupport/UnityEditor.OSXStandalone.Extensions.dll
Register platform support module: D:/Unity/2023.2.18f1/Editor/Data/PlaybackEngines/WindowsStandaloneSupport/UnityEditor.WindowsStandalone.Extensions.dll
Register platform support module: D:/Unity/2023.2.18f1/Editor/Data/PlaybackEngines/LinuxStandaloneSupport/UnityEditor.LinuxStandalone.Extensions.dll
Registered in 0.005827 seconds.
- Loaded All Assemblies, in  0.370 seconds
Native extension for LinuxStandalone target not found
Native extension for WindowsStandalone target not found
Native extension for OSXStandalone target not found
Mono: successfully reloaded assembly
C:\build\output\Unity-Technologies\mono\mono\metadata\icall.c:1842:
C:\build\output\Unity-Technologies\mono\mono\metadata\icall.c:1842:
- Finished resetting the current domain, in  0.272 seconds
Domain Reload Profiling: 641ms
	BeginReloadAssembly (156ms)
		ExecutionOrderSort (0ms)
		DisableScriptedObjects (0ms)
		BackupInstance (0ms)
		ReleaseScriptingObjects (0ms)
		CreateAndSetChildDomain (1ms)
	RebuildCommonClasses (29ms)
	RebuildNativeTypeToScriptingClass (9ms)
	initialDomainReloadingComplete (44ms)
	LoadAllAssembliesAndSetupDomain (130ms)
		LoadAssemblies (157ms)
		RebuildTransferFunctionScriptingTraits (0ms)
		AnalyzeDomain (126ms)
			TypeCache.Refresh (125ms)
				TypeCache.ScanAssembly (114ms)
			BuildScriptInfoCaches (0ms)
			ResolveRequiredComponents (0ms)
	FinalizeReload (273ms)
		ReleaseScriptCaches (0ms)
		RebuildScriptCaches (0ms)
		SetupLoadedEditorAssemblies (227ms)
			LogAssemblyErrors (0ms)
			InitializePlatformSupportModulesInManaged (29ms)
			SetLoadedEditorAssemblies (3ms)
			BeforeProcessingInitializeOnLoad (5ms)
			ProcessInitializeOnLoadAttributes (142ms)
			ProcessInitializeOnLoadMethodAttributes (47ms)
			AfterProcessingInitializeOnLoad (0ms)
			EditorAssembliesLoaded (0ms)
		ExecutionOrderSort2 (0ms)
		AwakeInstancesAfterBackupRestoration (0ms)
========================================================================
Worker process is ready to serve import requests
Import Worker Mode flag is 0x00
Begin MonoManager ReloadAssembly
C:\build\output\Unity-Technologies\mono\mono\metadata\icall.c:1842:
C:\build\output\Unity-Technologies\mono\mono\metadata\icall.c:1842:
C:\build\output\Unity-Technologies\mono\mono\metadata\icall.c:1842:
C:\build\output\Unity-Technologies\mono\mono\metadata\icall.c:1842:
C:\build\output\Unity-Technologies\mono\mono\metadata\icall.c:1842:
C:\build\output\Unity-Technologies\mono\mono\metadata\icall.c:1842:
C:\build\output\Unity-Technologies\mono\mono\metadata\icall.c:1842:
C:\build\output\Unity-Technologies\mono\mono\metadata\icall.c:1842:
C:\build\output\Unity-Technologies\mono\mono\metadata\icall.c:1842:
C:\build\output\Unity-Technologies\mono\mono\metadata\icall.c:1842:
C:\build\output\Unity-Technologies\mono\mono\metadata\icall.c:1842:
C:\build\output\Unity-Technologies\mono\mono\metadata\icall.c:1842:
Symbol file LoadedFromMemory doesn't match image D:\Unity Default\My project\Library\PackageCache\com.unity.visualscripting@1.8.0\Editor\VisualScripting.Core\Dependencies\YamlDotNet\Unity.VisualScripting.YamlDotNet.dll
Symbol file LoadedFromMemory doesn't match image D:\Unity Default\My project\Library\PackageCache\com.unity.visualscripting@1.8.0\Editor\VisualScripting.Core\Dependencies\DotNetZip\Unity.VisualScripting.IonicZip.dll
- Loaded All Assemblies, in  0.912 seconds
Refreshing native plugins compatible for Editor in 1.57 ms, found 4 plugins.
Native extension for LinuxStandalone target not found
Native extension for WindowsStandalone target not found
Native extension for OSXStandalone target not found
Refreshing native plugins compatible for Editor in 1.71 ms, found 4 plugins.
Mono: successfully reloaded assembly
- Finished resetting the current domain, in  0.713 seconds
Domain Reload Profiling: 1621ms
	BeginReloadAssembly (397ms)
		ExecutionOrderSort (0ms)
		DisableScriptedObjects (5ms)
		BackupInstance (0ms)
		ReleaseScriptingObjects (0ms)
		CreateAndSetChildDomain (27ms)
	RebuildCommonClasses (30ms)
	RebuildNativeTypeToScriptingClass (9ms)
	initialDomainReloadingComplete (33ms)
	LoadAllAssembliesAndSetupDomain (438ms)
		LoadAssemblies (391ms)
		RebuildTransferFunctionScriptingTraits (0ms)
		AnalyzeDomain (191ms)
			TypeCache.Refresh (150ms)
				TypeCache.ScanAssembly (134ms)
			BuildScriptInfoCaches (30ms)
			ResolveRequiredComponents (9ms)
	FinalizeReload (713ms)
		ReleaseScriptCaches (0ms)
		RebuildScriptCaches (0ms)
		SetupLoadedEditorAssemblies (480ms)
			LogAssemblyErrors (0ms)
			InitializePlatformSupportModulesInManaged (6ms)
			SetLoadedEditorAssemblies (4ms)
			BeforeProcessingInitializeOnLoad (59ms)
			ProcessInitializeOnLoadAttributes (364ms)
			ProcessInitializeOnLoadMethodAttributes (44ms)
			AfterProcessingInitializeOnLoad (2ms)
			EditorAssembliesLoaded (0ms)
		ExecutionOrderSort2 (0ms)
		AwakeInstancesAfterBackupRestoration (12ms)
Launched and connected shader compiler UnityShaderCompiler.exe after 0.01 seconds
Refreshing native plugins compatible for Editor in 2.77 ms, found 4 plugins.
Preloading 0 native plugins for Editor in 0.00 ms.
Unloading 186 Unused Serialized files (Serialized files now loaded: 0)
Unloading 6261 unused Assets / (5.7 MB). Loaded Objects now: 6963.
Memory consumption went from 178.4 MB to 172.6 MB.
Total: 13.624400 ms (FindLiveObjects: 1.265600 ms CreateObjectMapping: 0.552000 ms MarkObjects: 7.643400 ms  DeleteObjects: 4.162500 ms)

========================================================================
Received Import Request.
  Time since last request: 4265.971385 seconds.
  path: Assets/Assets/Characters/Luana/Battle/Skill/Laser Shoot/Luana Skill Laser Attack0009.png
  artifactKey: Guid(20d884fc0165ab549ab6330a4da1e1a5) Importer(815301076,1909f56bfc062723c751e8b465ee728b)
Start importing Assets/Assets/Characters/Luana/Battle/Skill/Laser Shoot/Luana Skill Laser Attack0009.png using Guid(20d884fc0165ab549ab6330a4da1e1a5) Importer(815301076,1909f56bfc062723c751e8b465ee728b) (PreviewImporter) -> (artifact id: '5ca6b42552c7c5b4e81e1dec0f0c276d') in 0.0699035 seconds
Number of updated asset objects reloaded before import = 0Number of asset objects unloaded after import = 3

========================================================================
Received Import Request.
  Time since last request: 0.000021 seconds.
  path: Assets/Assets/Characters/Luana/Battle/Skill/Laser Shoot/Luana Skill Laser Attack0023.png
  artifactKey: Guid(252b3a7d9a400ce4e85544662e368c44) Importer(815301076,1909f56bfc062723c751e8b465ee728b)
Start importing Assets/Assets/Characters/Luana/Battle/Skill/Laser Shoot/Luana Skill Laser Attack0023.png using Guid(252b3a7d9a400ce4e85544662e368c44) Importer(815301076,1909f56bfc062723c751e8b465ee728b) (PreviewImporter) -> (artifact id: '97a5c5b581149e9f591f442a9cc7e56d') in 0.0140378 seconds
Number of updated asset objects reloaded before import = 0Number of asset objects unloaded after import = 3

========================================================================
Received Import Request.
  Time since last request: 0.000030 seconds.
  path: Assets/Assets/Characters/Luana/Battle/Skill/Laser Shoot/Luana Skill Laser Attack0011.png
  artifactKey: Guid(59092131973e67f489ab750745e264c0) Importer(815301076,1909f56bfc062723c751e8b465ee728b)
Start importing Assets/Assets/Characters/Luana/Battle/Skill/Laser Shoot/Luana Skill Laser Attack0011.png using Guid(59092131973e67f489ab750745e264c0) Importer(815301076,1909f56bfc062723c751e8b465ee728b) (PreviewImporter) -> (artifact id: 'd1e3fb5ea694b339e33405e3eedb9d3a') in 0.0269213 seconds
Number of updated asset objects reloaded before import = 0Number of asset objects unloaded after import = 3

========================================================================
Received Import Request.
  Time since last request: 0.000019 seconds.
  path: Assets/Assets/Characters/Luana/Battle/Skill/Laser Shoot/Luana Skill Laser Attack0018.png
  artifactKey: Guid(64ea50b80d56cd54cbf2e6990c266248) Importer(815301076,1909f56bfc062723c751e8b465ee728b)
Start importing Assets/Assets/Characters/Luana/Battle/Skill/Laser Shoot/Luana Skill Laser Attack0018.png using Guid(64ea50b80d56cd54cbf2e6990c266248) Importer(815301076,1909f56bfc062723c751e8b465ee728b) (PreviewImporter) -> (artifact id: '796e4a662467062a16a3cbb40512e3c5') in 0.012126 seconds
Number of updated asset objects reloaded before import = 0Number of asset objects unloaded after import = 3

========================================================================
Received Import Request.
  Time since last request: 0.000018 seconds.
  path: Assets/Assets/Characters/Luana/Battle/Skill/Laser Shoot/Luana Skill Laser Attack0007.png
  artifactKey: Guid(f184e7edfc298bb469f13f6a9e0cd812) Importer(815301076,1909f56bfc062723c751e8b465ee728b)
Start importing Assets/Assets/Characters/Luana/Battle/Skill/Laser Shoot/Luana Skill Laser Attack0007.png using Guid(f184e7edfc298bb469f13f6a9e0cd812) Importer(815301076,1909f56bfc062723c751e8b465ee728b) (PreviewImporter) -> (artifact id: 'b2c36aa6acbac950cf4036b207253d96') in 0.009755 seconds
Number of updated asset objects reloaded before import = 0Number of asset objects unloaded after import = 3

========================================================================
Received Import Request.
  Time since last request: 0.000016 seconds.
  path: Assets/Assets/Characters/Luana/Battle/Skill/Laser Shoot/Luana Skill Laser Attack0027.png
  artifactKey: Guid(987e1fdbecc76ea408a80b52838896ea) Importer(815301076,1909f56bfc062723c751e8b465ee728b)
Start importing Assets/Assets/Characters/Luana/Battle/Skill/Laser Shoot/Luana Skill Laser Attack0027.png using Guid(987e1fdbecc76ea408a80b52838896ea) Importer(815301076,1909f56bfc062723c751e8b465ee728b) (PreviewImporter) -> (artifact id: 'ebd7fa6183832dd24483070fc73e2b46') in 0.0114832 seconds
Number of updated asset objects reloaded before import = 0Number of asset objects unloaded after import = 3

========================================================================
Received Import Request.
  Time since last request: 109.382392 seconds.
  path: Assets/Assets/Characters/Luana/Battle/Skill/Laser Shoot/Luana Skill Laser Attack0015.png
  artifactKey: Guid(0d90cb4036c9a8847ac25f0fda39b7d6) Importer(815301076,1909f56bfc062723c751e8b465ee728b)
Start importing Assets/Assets/Characters/Luana/Battle/Skill/Laser Shoot/Luana Skill Laser Attack0015.png using Guid(0d90cb4036c9a8847ac25f0fda39b7d6) Importer(815301076,1909f56bfc062723c751e8b465ee728b) (PreviewImporter) -> (artifact id: 'c16b9098cef348a858d99f080c3a6ed0') in 0.0117148 seconds
Number of updated asset objects reloaded before import = 0Number of asset objects unloaded after import = 3

========================================================================
Received Import Request.
  Time since last request: 0.000021 seconds.
  path: Assets/Assets/Characters/Luana/Battle/Skill/Laser Shoot/Luana Skill Laser Attack0023.png
  artifactKey: Guid(252b3a7d9a400ce4e85544662e368c44) Importer(815301076,1909f56bfc062723c751e8b465ee728b)
Start importing Assets/Assets/Characters/Luana/Battle/Skill/Laser Shoot/Luana Skill Laser Attack0023.png using Guid(252b3a7d9a400ce4e85544662e368c44) Importer(815301076,1909f56bfc062723c751e8b465ee728b) (PreviewImporter) -> (artifact id: '651d32a6e7f867cbaed7aaa99038796d') in 0.0117882 seconds
Number of updated asset objects reloaded before import = 0Number of asset objects unloaded after import = 3

========================================================================
Received Import Request.
  Time since last request: 0.000019 seconds.
  path: Assets/Assets/Characters/Luana/Battle/Skill/Laser Shoot/Luana Skill Laser Attack0025.png
  artifactKey: Guid(d8c969bbea538e3419d8e2a0eef79a37) Importer(815301076,1909f56bfc062723c751e8b465ee728b)
Start importing Assets/Assets/Characters/Luana/Battle/Skill/Laser Shoot/Luana Skill Laser Attack0025.png using Guid(d8c969bbea538e3419d8e2a0eef79a37) Importer(815301076,1909f56bfc062723c751e8b465ee728b) (PreviewImporter) -> (artifact id: 'fae0111d795fd5b227c43578c237e7fa') in 0.012172 seconds
Number of updated asset objects reloaded before import = 0Number of asset objects unloaded after import = 3

========================================================================
Received Import Request.
  Time since last request: 0.000016 seconds.
  path: Assets/Assets/Characters/Luana/Battle/Skill/Laser Shoot/Luana Skill Laser Attack0029.png
  artifactKey: Guid(41f41bb44017c3448a75e82574911893) Importer(815301076,1909f56bfc062723c751e8b465ee728b)
Start importing Assets/Assets/Characters/Luana/Battle/Skill/Laser Shoot/Luana Skill Laser Attack0029.png using Guid(41f41bb44017c3448a75e82574911893) Importer(815301076,1909f56bfc062723c751e8b465ee728b) (PreviewImporter) -> (artifact id: '39801d64560619c88c5f65c3f01e3cc4') in 0.0117931 seconds
Number of updated asset objects reloaded before import = 0Number of asset objects unloaded after import = 3

========================================================================
Received Import Request.
  Time since last request: 0.000020 seconds.
  path: Assets/Assets/Characters/Luana/Battle/Skill/Laser Shoot/Luana Skill Laser Attack0011.png
  artifactKey: Guid(59092131973e67f489ab750745e264c0) Importer(815301076,1909f56bfc062723c751e8b465ee728b)
Start importing Assets/Assets/Characters/Luana/Battle/Skill/Laser Shoot/Luana Skill Laser Attack0011.png using Guid(59092131973e67f489ab750745e264c0) Importer(815301076,1909f56bfc062723c751e8b465ee728b) (PreviewImporter) -> (artifact id: '2dd301e64a119043b2ccd699efaf29ca') in 0.010397 seconds
Number of updated asset objects reloaded before import = 0Number of asset objects unloaded after import = 3

========================================================================
Received Import Request.
  Time since last request: 0.000015 seconds.
  path: Assets/Assets/Characters/Luana/Battle/Skill/Laser Shoot/Luana Skill Laser Attack0006.png
  artifactKey: Guid(60ad088c0dad7724fbbd898d13450fe7) Importer(815301076,1909f56bfc062723c751e8b465ee728b)
Start importing Assets/Assets/Characters/Luana/Battle/Skill/Laser Shoot/Luana Skill Laser Attack0006.png using Guid(60ad088c0dad7724fbbd898d13450fe7) Importer(815301076,1909f56bfc062723c751e8b465ee728b) (PreviewImporter) -> (artifact id: 'ddacde3f96849a6421429e9fd5241297') in 0.0116895 seconds
Number of updated asset objects reloaded before import = 0Number of asset objects unloaded after import = 3

========================================================================
Received Import Request.
  Time since last request: 0.000038 seconds.
  path: Assets/Assets/Characters/Luana/Battle/Skill/Laser Shoot/Luana Skill Laser Attack0022.png
  artifactKey: Guid(d43c0b7124a72fd4783ad5b419384c06) Importer(815301076,1909f56bfc062723c751e8b465ee728b)
Start importing Assets/Assets/Characters/Luana/Battle/Skill/Laser Shoot/Luana Skill Laser Attack0022.png using Guid(d43c0b7124a72fd4783ad5b419384c06) Importer(815301076,1909f56bfc062723c751e8b465ee728b) (PreviewImporter) -> (artifact id: 'bcf5eee8182d9261c77ce3cd185b3866') in 0.0106382 seconds
Number of updated asset objects reloaded before import = 0Number of asset objects unloaded after import = 3

========================================================================
Received Import Request.
  Time since last request: 0.000017 seconds.
  path: Assets/Assets/Characters/Luana/Battle/Skill/Laser Shoot/Luana Skill Laser Attack0002.png
  artifactKey: Guid(9d092faf3d10cfe4ea4d9a8f46627822) Importer(815301076,1909f56bfc062723c751e8b465ee728b)
Start importing Assets/Assets/Characters/Luana/Battle/Skill/Laser Shoot/Luana Skill Laser Attack0002.png using Guid(9d092faf3d10cfe4ea4d9a8f46627822) Importer(815301076,1909f56bfc062723c751e8b465ee728b) (PreviewImporter) -> (artifact id: '0a1915592eb93913e8c50a7b8d68c422') in 0.0128697 seconds
Number of updated asset objects reloaded before import = 0Number of asset objects unloaded after import = 3

========================================================================
Received Import Request.
  Time since last request: 0.000019 seconds.
  path: Assets/Assets/Characters/Luana/Battle/Skill/Laser Shoot/Luana Skill Laser Attack0018.png
  artifactKey: Guid(64ea50b80d56cd54cbf2e6990c266248) Importer(815301076,1909f56bfc062723c751e8b465ee728b)
Start importing Assets/Assets/Characters/Luana/Battle/Skill/Laser Shoot/Luana Skill Laser Attack0018.png using Guid(64ea50b80d56cd54cbf2e6990c266248) Importer(815301076,1909f56bfc062723c751e8b465ee728b) (PreviewImporter) -> (artifact id: 'd89efa8fcc949efa087ffc0fbce2124f') in 0.0123336 seconds
Number of updated asset objects reloaded before import = 0Number of asset objects unloaded after import = 3

========================================================================
Received Import Request.
  Time since last request: 0.000020 seconds.
  path: Assets/Assets/Characters/Luana/Battle/Skill/Laser Shoot/Luana Skill Laser Attack0009.png
  artifactKey: Guid(20d884fc0165ab549ab6330a4da1e1a5) Importer(815301076,1909f56bfc062723c751e8b465ee728b)
Start importing Assets/Assets/Characters/Luana/Battle/Skill/Laser Shoot/Luana Skill Laser Attack0009.png using Guid(20d884fc0165ab549ab6330a4da1e1a5) Importer(815301076,1909f56bfc062723c751e8b465ee728b) (PreviewImporter) -> (artifact id: '69fdafddaec937261be50d998c453e22') in 0.0115313 seconds
Number of updated asset objects reloaded before import = 0Number of asset objects unloaded after import = 3

========================================================================
Received Import Request.
  Time since last request: 0.000016 seconds.
  path: Assets/Assets/Characters/Luana/Battle/Skill/Laser Shoot/Luana Skill Laser Attack0017.png
  artifactKey: Guid(de343c00439fc884d9f2bd92a2842da0) Importer(815301076,1909f56bfc062723c751e8b465ee728b)
Start importing Assets/Assets/Characters/Luana/Battle/Skill/Laser Shoot/Luana Skill Laser Attack0017.png using Guid(de343c00439fc884d9f2bd92a2842da0) Importer(815301076,1909f56bfc062723c751e8b465ee728b) (PreviewImporter) -> (artifact id: 'c626e7b27d9e59cfe58534acddf9579c') in 0.0113499 seconds
Number of updated asset objects reloaded before import = 0Number of asset objects unloaded after import = 3

========================================================================
Received Import Request.
  Time since last request: 0.000026 seconds.
  path: Assets/Assets/Characters/Luana/Battle/Skill/Laser Shoot/Luana Skill Laser Attack0028.png
  artifactKey: Guid(82d81237162edd8418e1c7c5d59b25dc) Importer(815301076,1909f56bfc062723c751e8b465ee728b)
Start importing Assets/Assets/Characters/Luana/Battle/Skill/Laser Shoot/Luana Skill Laser Attack0028.png using Guid(82d81237162edd8418e1c7c5d59b25dc) Importer(815301076,1909f56bfc062723c751e8b465ee728b) (PreviewImporter) -> (artifact id: '602f71ac4b0c1292be1705d215391c31') in 0.0090948 seconds
Number of updated asset objects reloaded before import = 0Number of asset objects unloaded after import = 3

========================================================================
Received Import Request.
  Time since last request: 0.000015 seconds.
  path: Assets/Assets/Characters/Luana/Battle/Skill/Laser Shoot/Luana Skill Laser Attack0014.png
  artifactKey: Guid(1253cb3269b3d1e4cafb6f842d90e138) Importer(815301076,1909f56bfc062723c751e8b465ee728b)
Start importing Assets/Assets/Characters/Luana/Battle/Skill/Laser Shoot/Luana Skill Laser Attack0014.png using Guid(1253cb3269b3d1e4cafb6f842d90e138) Importer(815301076,1909f56bfc062723c751e8b465ee728b) (PreviewImporter) -> (artifact id: 'a2ba09d562de861e03ab47e518556033') in 0.0117251 seconds
Number of updated asset objects reloaded before import = 0Number of asset objects unloaded after import = 3

========================================================================
Received Import Request.
  Time since last request: 0.000017 seconds.
  path: Assets/Assets/Characters/Luana/Battle/Skill/Laser Shoot/Luana Skill Laser Attack0027.png
  artifactKey: Guid(987e1fdbecc76ea408a80b52838896ea) Importer(815301076,1909f56bfc062723c751e8b465ee728b)
Start importing Assets/Assets/Characters/Luana/Battle/Skill/Laser Shoot/Luana Skill Laser Attack0027.png using Guid(987e1fdbecc76ea408a80b52838896ea) Importer(815301076,1909f56bfc062723c751e8b465ee728b) (PreviewImporter) -> (artifact id: '62e47ad8d72abeaa584413fcd0ddd1dc') in 0.0106247 seconds
Number of updated asset objects reloaded before import = 0Number of asset objects unloaded after import = 3

========================================================================
Received Import Request.
  Time since last request: 0.000023 seconds.
  path: Assets/Assets/Characters/Luana/Battle/Skill/Laser Shoot/Luana Skill Laser Attack0004.png
  artifactKey: Guid(4cae3af62a36d3048b7d7572889cdaba) Importer(815301076,1909f56bfc062723c751e8b465ee728b)
Start importing Assets/Assets/Characters/Luana/Battle/Skill/Laser Shoot/Luana Skill Laser Attack0004.png using Guid(4cae3af62a36d3048b7d7572889cdaba) Importer(815301076,1909f56bfc062723c751e8b465ee728b) (PreviewImporter) -> (artifact id: '00b0dfa37b4bd2931ff939b12c75ee06') in 0.0133104 seconds
Number of updated asset objects reloaded before import = 0Number of asset objects unloaded after import = 3

Editor requested this worker to shutdown with reason: Scaling down because of idle timeout
AssetImportWorker is now disconnected from the server
Process exiting
Exiting without the bug reporter. Application will terminate with return code 0